[35m[Appium][39m Welcome to Appium v1.17.1
[35m[Appium][39m Non-default server args:
[35m[Appium][39m   port: 61925
[35m[Appium][39m   loglevel: info
[35m[Appium][39m   tmpDir: C:\Users\User\AppData\Local\Temp\\Katalon\Appium\Temp1593438578472
[35m[Appium][39m   chromedriverPort: 61926
[35m[Appium][39m Deprecated server args:
[35m[Appium][39m   [31m--chromedriver-port[39m => --default-capabilities '{"chromedriverPort":61926}'
[35m[Appium][39m Default capabilities, which will be added to each request unless overridden by desired capabilities:
[35m[Appium][39m   chromedriverPort: 61926
[35m[Appium][39m Appium REST http interface listener started on 0.0.0.0:61925
[35m[HTTP][39m [37m-->[39m [37mGET[39m [37m/wd/hub/status[39m
[35m[HTTP][39m [90m{}[39m
[35m[HTTP][39m [37m<-- GET /wd/hub/status [39m[32m200[39m [90m23 ms - 68[39m
[35m[HTTP][39m [90m[39m
[35m[HTTP][39m [37m-->[39m [37mGET[39m [37m/wd/hub/status[39m
[35m[HTTP][39m [90m{}[39m
[35m[HTTP][39m [37m<-- GET /wd/hub/status [39m[32m200[39m [90m3 ms - 68[39m
[35m[HTTP][39m [90m[39m
[35m[HTTP][39m [37m-->[39m [37mPOST[39m [37m/wd/hub/session[39m
[35m[HTTP][39m [90m{"desiredCapabilities":{"app":"C:\\Users\\User\\Katalon Studio\\pendaki_android_automation\\apk\\app-pendaki.apk","noReset":true,"deviceName":"emulator-5554 (AOSP on IA Emulator - Android 9)","fullReset":false,"platform":"ANDROID","newCommandTimeout":1800,"platformVersion":"9","automationName":"uiautomator2","autoGrantPermissions":true,"platformName":"Android","udid":"emulator-5554","systemPort":61940},"capabilities":{"firstMatch":[{"appium:app":"C:\\Users\\User\\Katalon Studio\\pendaki_android_automation\\apk\\app-pendaki.apk","appium:autoGrantPermissions":true,"appium:automationName":"uiautomator2","appium:deviceName":"emulator-5554 (AOSP on IA Emulator - Android 9)","appium:fullReset":false,"appium:newCommandTimeout":1800,"appium:noReset":true,"platform":"ANDROID","platformName":"android","appium:platformVersion":"9","appium:systemPort":61940,"appium:udid":"emulator-5554"}]}}[39m
[35m[BaseDriver][39m The following capabilities are not standard capabilities and should have an extension prefix:
[35m[BaseDriver][39m   platform
[35m[BaseDriver][39m   chromedriverPort
[35m[Appium][39m Appium v1.17.1 creating new AndroidUiautomator2Driver (v1.44.2) session
[35m[BaseDriver][39m The following capabilities were provided, but are not recognized by Appium:
[35m[BaseDriver][39m   platform
[35m[BaseDriver][39m Session created with session id: 06ef9c95-9acd-4961-a06e-6766e39883b1
[35m[BaseDriver][39m Using local app 'C:\Users\User\Katalon Studio\pendaki_android_automation\apk\app-pendaki.apk'
[35m[ADB][39m Found 1 'build-tools' folders under 'C:\Users\User\.katalon\tools\android_sdk' (newest first):
[35m[ADB][39m     C:/Users/User/.katalon/tools/android_sdk/build-tools/29.0.3
[35m[ADB][39m Using 'adb.exe' from 'C:\Users\User\.katalon\tools\android_sdk\platform-tools\adb.exe'
[35m[AndroidDriver][39m Retrieving device list
[35m[AndroidDriver][39m Using device: emulator-5554
[35m[ADB][39m Using 'adb.exe' from 'C:\Users\User\.katalon\tools\android_sdk\platform-tools\adb.exe'
[35m[ADB][39m Getting device platform version
[35m[UiAutomator2][39m Relaxing hidden api policy
[35m[ADB][39m Package name: 'com.wahidari.pendaki'
[35m[ADB][39m Main activity name: 'com.wahidari.pendaki.MainActivity'
[35m[ADB][39m Cannot use apksigner tool for signature verification. Original error: Could not find 'apksigner.jar' in ["C:\\Users\\User\\.katalon\\tools\\android_sdk\\platform-tools\\apksigner.jar","C:\\Users\\User\\.katalon\\tools\\android_sdk\\emulator\\apksigner.jar","C:\\Users\\User\\.katalon\\tools\\android_sdk\\tools\\apksigner.jar","C:\\Users\\User\\.katalon\\tools\\android_sdk\\tools\\bin\\apksigner.jar","C:\\Users\\User\\.katalon\\tools\\android_sdk\\build-tools\\29.0.3\\apksigner.jar","C:\\Users\\User\\.katalon\\tools\\android_sdk\\build-tools\\29.0.3\\lib\\apksigner.jar"]. Do you have Android Build Tools installed at 'C:\Users\User\.katalon\tools\android_sdk'?
[35m[ADB][39m Cannot use apksigner tool for signature verification. Original error: Could not find 'apksigner.jar' in ["C:\\Users\\User\\.katalon\\tools\\android_sdk\\platform-tools\\apksigner.jar","C:\\Users\\User\\.katalon\\tools\\android_sdk\\emulator\\apksigner.jar","C:\\Users\\User\\.katalon\\tools\\android_sdk\\tools\\apksigner.jar","C:\\Users\\User\\.katalon\\tools\\android_sdk\\tools\\bin\\apksigner.jar","C:\\Users\\User\\.katalon\\tools\\android_sdk\\build-tools\\29.0.3\\apksigner.jar","C:\\Users\\User\\.katalon\\tools\\android_sdk\\build-tools\\29.0.3\\lib\\apksigner.jar"]. Do you have Android Build Tools installed at 'C:\Users\User\.katalon\tools\android_sdk'?
[35m[UiAutomator2][39m Server packages are not going to be (re)installed
[35m[ADB][39m Cannot use apksigner tool for signature verification. Original error: Could not find 'apksigner.jar' in ["C:\\Users\\User\\.katalon\\tools\\android_sdk\\platform-tools\\apksigner.jar","C:\\Users\\User\\.katalon\\tools\\android_sdk\\emulator\\apksigner.jar","C:\\Users\\User\\.katalon\\tools\\android_sdk\\tools\\apksigner.jar","C:\\Users\\User\\.katalon\\tools\\android_sdk\\tools\\bin\\apksigner.jar","C:\\Users\\User\\.katalon\\tools\\android_sdk\\build-tools\\29.0.3\\apksigner.jar","C:\\Users\\User\\.katalon\\tools\\android_sdk\\build-tools\\29.0.3\\lib\\apksigner.jar"]. Do you have Android Build Tools installed at 'C:\Users\User\.katalon\tools\android_sdk'?
[35m[ADB][39m The application at 'C:\Users\User\Katalon Studio\pendaki_android_automation\apk\app-pendaki.apk' will not be cached, because the device under test has confirmed the support of streamed installs
[35m[ADB][39m The installation of 'app-pendaki.apk' took 3097ms
[35m[UiAutomator2][39m Starting UIAutomator2 server 4.5.5
[35m[UiAutomator2][39m Using UIAutomator2 server from 'C:\Users\User\AppData\Roaming\npm\node_modules\appium\node_modules\appium-uiautomator2-server\apks\appium-uiautomator2-server-v4.5.5.apk' and test from 'C:\Users\User\AppData\Roaming\npm\node_modules\appium\node_modules\appium-uiautomator2-server\apks\appium-uiautomator2-server-debug-androidTest.apk'
[35m[UiAutomator2][39m Waiting up to 30000ms for UiAutomator2 to be online...
[35m[WD Proxy][39m Got response with unknown status: {"code":"ECONNRESET"}
[35m[WD Proxy][39m Got response with unknown status: {"code":"ECONNRESET"}
[35m[WD Proxy][39m Got response with unknown status: {"code":"ECONNRESET"}
[35m[WD Proxy][39m Got response with unknown status: {"code":"ECONNRESET"}
[35m[WD Proxy][39m Got response with unknown status: {"code":"ECONNRESET"}
[35m[WD Proxy][39m Determined the downstream protocol as 'W3C'
[35m[AndroidDriver][39m Screen already unlocked, doing nothing
[35m[UiAutomator2][39m Starting 'com.wahidari.pendaki/com.wahidari.pendaki.MainActivity and waiting for 'com.wahidari.pendaki/com.wahidari.pendaki.MainActivity'
[35m[Appium][39m New AndroidUiautomator2Driver session created successfully, session 06ef9c95-9acd-4961-a06e-6766e39883b1 added to master session list
[35m[HTTP][39m [37m<-- POST /wd/hub/session [39m[32m200[39m [90m23748 ms - 1351[39m
[35m[HTTP][39m [90m[39m
[35m[HTTP][39m [37m-->[39m [37mGET[39m [37m/wd/hub/session/06ef9c95-9acd-4961-a06e-6766e39883b1[39m
[35m[HTTP][39m [90m{}[39m
[35m[HTTP][39m [37m<-- GET /wd/hub/session/06ef9c95-9acd-4961-a06e-6766e39883b1 [39m[32m200[39m [90m45 ms - 1283[39m
[35m[HTTP][39m [90m[39m
[35m[HTTP][39m [37m-->[39m [37mGET[39m [37m/wd/hub/session/06ef9c95-9acd-4961-a06e-6766e39883b1[39m
[35m[HTTP][39m [90m{}[39m
[35m[HTTP][39m [37m<-- GET /wd/hub/session/06ef9c95-9acd-4961-a06e-6766e39883b1 [39m[32m200[39m [90m50 ms - 1283[39m
[35m[HTTP][39m [90m[39m
[35m[HTTP][39m [37m-->[39m [37mGET[39m [37m/wd/hub/status[39m
[35m[HTTP][39m [90m{}[39m
[35m[HTTP][39m [37m<-- GET /wd/hub/status [39m[32m200[39m [90m2 ms - 68[39m
[35m[HTTP][39m [90m[39m
[35m[HTTP][39m [37m-->[39m [37mPOST[39m [37m/wd/hub/session/06ef9c95-9acd-4961-a06e-6766e39883b1/timeouts[39m
[35m[HTTP][39m [90m{"implicit":60000}[39m
[35m[HTTP][39m [37m<-- POST /wd/hub/session/06ef9c95-9acd-4961-a06e-6766e39883b1/timeouts [39m[32m200[39m [90m8 ms - 14[39m
[35m[HTTP][39m [90m[39m
[35m[HTTP][39m [37m-->[39m [37mGET[39m [37m/wd/hub/session/06ef9c95-9acd-4961-a06e-6766e39883b1/source[39m
[35m[HTTP][39m [90m{}[39m
[35m[W3C (06ef9c95)][39m Driver proxy active, passing request on via HTTP proxy
[35m[WD Proxy][39m Replacing sessionId 779df03e-25d9-4643-98b6-cea72a3ad6db with 06ef9c95-9acd-4961-a06e-6766e39883b1
[35m[HTTP][39m [37m<-- GET /wd/hub/session/06ef9c95-9acd-4961-a06e-6766e39883b1/source [39m[32m200[39m [90m1973 ms - 31717[39m
[35m[HTTP][39m [90m[39m
[35m[HTTP][39m [37m-->[39m [37mGET[39m [37m/wd/hub/session/06ef9c95-9acd-4961-a06e-6766e39883b1/screenshot[39m
[35m[HTTP][39m [90m{}[39m
[35m[HTTP][39m [37m<-- GET /wd/hub/session/06ef9c95-9acd-4961-a06e-6766e39883b1/screenshot [39m[32m200[39m [90m4818 ms - 3672560[39m
[35m[HTTP][39m [90m[39m
[35m[HTTP][39m [37m-->[39m [37mDELETE[39m [37m/wd/hub/session/06ef9c95-9acd-4961-a06e-6766e39883b1[39m
[35m[HTTP][39m [90m{}[39m
[35m[Appium][39m Removing session 06ef9c95-9acd-4961-a06e-6766e39883b1 from our master session list
[35m[UiAutomator2][39m Restoring hidden api policy to the device default configuration
